<?xml version="1.0" encoding="UTF-8"?>
<testng-results ignored="0" total="4" passed="4" failed="0" skipped="0">
  <reporter-output>
  </reporter-output>
  <suite started-at="2023-07-31T19:31:59 IST" name="Default suite" finished-at="2023-07-31T19:32:34 IST" duration-ms="34987">
    <groups>
      <group name="Chrome">
        <method signature="Ecommerce.LaunchChrome()[pri:0, instance:com.test.Ecommerce@76b1e9b8]" name="LaunchChrome" class="com.test.Ecommerce"/>
        <method signature="Ecommerce.chromeTest()[pri:0, instance:com.test.Ecommerce@76b1e9b8]" name="chromeTest" class="com.test.Ecommerce"/>
      </group> <!-- Chrome -->
      <group name="Firefox">
        <method signature="Ecommerce.LaunchFirefox()[pri:0, instance:com.test.Ecommerce@76b1e9b8]" name="LaunchFirefox" class="com.test.Ecommerce"/>
      </group> <!-- Firefox -->
    </groups>
    <test started-at="2023-07-31T19:31:59 IST" name="Default test" finished-at="2023-07-31T19:32:34 IST" duration-ms="34987">
      <class name="com.test.Ecommerce">
        <test-method is-config="true" signature="beforeTest()[pri:0, instance:com.test.Ecommerce@76b1e9b8]" started-at="2023-07-31T19:31:59 IST" name="beforeTest" finished-at="2023-07-31T19:31:59 IST" duration-ms="22" status="PASS">
          <reporter-output>
          </reporter-output>
        </test-method> <!-- beforeTest -->
        <test-method signature="LaunchChrome()[pri:0, instance:com.test.Ecommerce@76b1e9b8]" started-at="2023-07-31T19:31:59 IST" name="LaunchChrome" finished-at="2023-07-31T19:32:01 IST" duration-ms="2028" status="PASS">
          <reporter-output>
          </reporter-output>
        </test-method> <!-- LaunchChrome -->
        <test-method signature="firefoxTest()[pri:0, instance:com.test.Ecommerce@76b1e9b8]" started-at="2023-07-31T19:32:01 IST" name="firefoxTest" finished-at="2023-07-31T19:32:18 IST" duration-ms="16911" status="PASS">
          <reporter-output>
          </reporter-output>
        </test-method> <!-- firefoxTest -->
        <test-method signature="LaunchFirefox()[pri:0, instance:com.test.Ecommerce@76b1e9b8]" started-at="2023-07-31T19:32:18 IST" name="LaunchFirefox" finished-at="2023-07-31T19:32:24 IST" duration-ms="6010" status="PASS">
          <reporter-output>
          </reporter-output>
        </test-method> <!-- LaunchFirefox -->
        <test-method signature="chromeTest()[pri:0, instance:com.test.Ecommerce@76b1e9b8]" started-at="2023-07-31T19:32:24 IST" name="chromeTest" finished-at="2023-07-31T19:32:34 IST" depends-on-methods="com.test.Ecommerce.LaunchChrome" duration-ms="9914" status="PASS">
          <reporter-output>
          </reporter-output>
        </test-method> <!-- chromeTest -->
        <test-method is-config="true" signature="afterTest()[pri:0, instance:com.test.Ecommerce@76b1e9b8]" started-at="2023-07-31T19:32:34 IST" name="afterTest" finished-at="2023-07-31T19:32:34 IST" duration-ms="0" status="PASS">
          <reporter-output>
          </reporter-output>
        </test-method> <!-- afterTest -->
      </class> <!-- com.test.Ecommerce -->
    </test> <!-- Default test -->
  </suite> <!-- Default suite -->
</testng-results>
