<?xml version="1.0" encoding="UTF-8"?>
<testng-results ignored="0" total="7" passed="7" failed="0" skipped="0">
  <reporter-output>
  </reporter-output>
  <suite started-at="2023-08-02T16:43:32 IST" name="Default suite" finished-at="2023-08-02T16:44:08 IST" duration-ms="36233">
    <groups>
    </groups>
    <test started-at="2023-08-02T16:43:32 IST" name="Default test" finished-at="2023-08-02T16:44:08 IST" duration-ms="36233">
      <class name="com.aadhar.MAadharAppApplicationTestsCode">
        <test-method is-config="true" signature="beforeMethod()[pri:0, instance:com.aadhar.MAadharAppApplicationTestsCode@747f281]" started-at="2023-08-02T16:43:32 IST" name="beforeMethod" finished-at="2023-08-02T16:43:37 IST" duration-ms="5655" status="PASS">
          <reporter-output>
          </reporter-output>
        </test-method> <!-- beforeMethod -->
        <test-method signature="testing()[pri:0, instance:com.aadhar.MAadharAppApplicationTestsCode@747f281]" started-at="2023-08-02T16:43:37 IST" name="testing" finished-at="2023-08-02T16:43:39 IST" duration-ms="1551" status="PASS">
          <reporter-output>
          </reporter-output>
        </test-method> <!-- testing -->
        <test-method is-config="true" signature="afterMethod()[pri:0, instance:com.aadhar.MAadharAppApplicationTestsCode@747f281]" started-at="2023-08-02T16:43:39 IST" name="afterMethod" finished-at="2023-08-02T16:43:39 IST" duration-ms="0" status="PASS">
          <reporter-output>
          </reporter-output>
        </test-method> <!-- afterMethod -->
        <test-method is-config="true" signature="beforeMethod()[pri:0, instance:com.aadhar.MAadharAppApplicationTestsCode@747f281]" started-at="2023-08-02T16:43:39 IST" name="beforeMethod" finished-at="2023-08-02T16:43:41 IST" duration-ms="2230" status="PASS">
          <reporter-output>
          </reporter-output>
        </test-method> <!-- beforeMethod -->
        <test-method signature="signup()[pri:1, instance:com.aadhar.MAadharAppApplicationTestsCode@747f281]" started-at="2023-08-02T16:43:41 IST" name="signup" finished-at="2023-08-02T16:43:47 IST" duration-ms="5673" status="PASS">
          <reporter-output>
          </reporter-output>
        </test-method> <!-- signup -->
        <test-method is-config="true" signature="afterMethod()[pri:0, instance:com.aadhar.MAadharAppApplicationTestsCode@747f281]" started-at="2023-08-02T16:43:47 IST" name="afterMethod" finished-at="2023-08-02T16:43:47 IST" duration-ms="1" status="PASS">
          <reporter-output>
          </reporter-output>
        </test-method> <!-- afterMethod -->
        <test-method is-config="true" signature="beforeMethod()[pri:0, instance:com.aadhar.MAadharAppApplicationTestsCode@747f281]" started-at="2023-08-02T16:43:47 IST" name="beforeMethod" finished-at="2023-08-02T16:43:50 IST" duration-ms="3311" status="PASS">
          <reporter-output>
          </reporter-output>
        </test-method> <!-- beforeMethod -->
        <test-method signature="signin()[pri:2, instance:com.aadhar.MAadharAppApplicationTestsCode@747f281]" started-at="2023-08-02T16:43:50 IST" name="signin" finished-at="2023-08-02T16:43:53 IST" duration-ms="3335" status="PASS">
          <reporter-output>
          </reporter-output>
        </test-method> <!-- signin -->
        <test-method is-config="true" signature="afterMethod()[pri:0, instance:com.aadhar.MAadharAppApplicationTestsCode@747f281]" started-at="2023-08-02T16:43:53 IST" name="afterMethod" finished-at="2023-08-02T16:43:53 IST" duration-ms="1" status="PASS">
          <reporter-output>
          </reporter-output>
        </test-method> <!-- afterMethod -->
        <test-method is-config="true" signature="beforeMethod()[pri:0, instance:com.aadhar.MAadharAppApplicationTestsCode@747f281]" started-at="2023-08-02T16:43:53 IST" name="beforeMethod" finished-at="2023-08-02T16:43:55 IST" duration-ms="1796" status="PASS">
          <reporter-output>
          </reporter-output>
        </test-method> <!-- beforeMethod -->
        <test-method signature="adminhome()[pri:4, instance:com.aadhar.MAadharAppApplicationTestsCode@747f281]" started-at="2023-08-02T16:43:55 IST" name="adminhome" finished-at="2023-08-02T16:43:57 IST" duration-ms="1276" status="PASS">
          <reporter-output>
          </reporter-output>
        </test-method> <!-- adminhome -->
        <test-method is-config="true" signature="afterMethod()[pri:0, instance:com.aadhar.MAadharAppApplicationTestsCode@747f281]" started-at="2023-08-02T16:43:57 IST" name="afterMethod" finished-at="2023-08-02T16:43:57 IST" duration-ms="0" status="PASS">
          <reporter-output>
          </reporter-output>
        </test-method> <!-- afterMethod -->
        <test-method is-config="true" signature="beforeMethod()[pri:0, instance:com.aadhar.MAadharAppApplicationTestsCode@747f281]" started-at="2023-08-02T16:43:57 IST" name="beforeMethod" finished-at="2023-08-02T16:43:58 IST" duration-ms="1934" status="PASS">
          <reporter-output>
          </reporter-output>
        </test-method> <!-- beforeMethod -->
        <test-method signature="userhome()[pri:5, instance:com.aadhar.MAadharAppApplicationTestsCode@747f281]" started-at="2023-08-02T16:43:58 IST" name="userhome" finished-at="2023-08-02T16:44:00 IST" duration-ms="1659" status="PASS">
          <reporter-output>
          </reporter-output>
        </test-method> <!-- userhome -->
        <test-method is-config="true" signature="afterMethod()[pri:0, instance:com.aadhar.MAadharAppApplicationTestsCode@747f281]" started-at="2023-08-02T16:44:00 IST" name="afterMethod" finished-at="2023-08-02T16:44:00 IST" duration-ms="0" status="PASS">
          <reporter-output>
          </reporter-output>
        </test-method> <!-- afterMethod -->
        <test-method is-config="true" signature="beforeMethod()[pri:0, instance:com.aadhar.MAadharAppApplicationTestsCode@747f281]" started-at="2023-08-02T16:44:00 IST" name="beforeMethod" finished-at="2023-08-02T16:44:02 IST" duration-ms="1974" status="PASS">
          <reporter-output>
          </reporter-output>
        </test-method> <!-- beforeMethod -->
        <test-method signature="loadusers()[pri:6, instance:com.aadhar.MAadharAppApplicationTestsCode@747f281]" started-at="2023-08-02T16:44:02 IST" name="loadusers" finished-at="2023-08-02T16:44:04 IST" duration-ms="1646" status="PASS">
          <reporter-output>
          </reporter-output>
        </test-method> <!-- loadusers -->
        <test-method is-config="true" signature="afterMethod()[pri:0, instance:com.aadhar.MAadharAppApplicationTestsCode@747f281]" started-at="2023-08-02T16:44:04 IST" name="afterMethod" finished-at="2023-08-02T16:44:04 IST" duration-ms="0" status="PASS">
          <reporter-output>
          </reporter-output>
        </test-method> <!-- afterMethod -->
        <test-method is-config="true" signature="beforeMethod()[pri:0, instance:com.aadhar.MAadharAppApplicationTestsCode@747f281]" started-at="2023-08-02T16:44:04 IST" name="beforeMethod" finished-at="2023-08-02T16:44:06 IST" duration-ms="2077" status="PASS">
          <reporter-output>
          </reporter-output>
        </test-method> <!-- beforeMethod -->
        <test-method signature="approve()[pri:7, instance:com.aadhar.MAadharAppApplicationTestsCode@747f281]" started-at="2023-08-02T16:44:06 IST" name="approve" finished-at="2023-08-02T16:44:08 IST" duration-ms="1963" status="PASS">
          <reporter-output>
          </reporter-output>
        </test-method> <!-- approve -->
        <test-method is-config="true" signature="afterMethod()[pri:0, instance:com.aadhar.MAadharAppApplicationTestsCode@747f281]" started-at="2023-08-02T16:44:08 IST" name="afterMethod" finished-at="2023-08-02T16:44:08 IST" duration-ms="0" status="PASS">
          <reporter-output>
          </reporter-output>
        </test-method> <!-- afterMethod -->
      </class> <!-- com.aadhar.MAadharAppApplicationTestsCode -->
    </test> <!-- Default test -->
  </suite> <!-- Default suite -->
</testng-results>
