<?xml version="1.0" encoding="UTF-8"?>
<!-- Generated by org.testng.reporters.JUnitXMLReporter -->
<testsuite ignored="0" hostname="DESKTOP-1O1KQ71" failures="0" tests="4" name="Default test" time="34.987" errors="0" timestamp="2023-07-31T19:32:34 IST">
  <testcase classname="com.test.Ecommerce" name="LaunchChrome" time="2.028"/>
  <testcase classname="com.test.Ecommerce" name="firefoxTest" time="16.911"/>
  <testcase classname="com.test.Ecommerce" name="LaunchFirefox" time="6.01"/>
  <testcase classname="com.test.Ecommerce" name="chromeTest" time="9.914"/>
</testsuite> <!-- Default test -->
