<?xml version="1.0" encoding="UTF-8"?>
<!-- Generated by org.testng.reporters.JUnitXMLReporter -->
<testsuite ignored="0" hostname="DESKTOP-1O1KQ71" failures="0" tests="7" name="Default test" time="36.233" errors="0" timestamp="2023-08-02T16:44:08 IST">
  <testcase classname="com.aadhar.MAadharAppApplicationTestsCode" name="testing" time="1.551"/>
  <testcase classname="com.aadhar.MAadharAppApplicationTestsCode" name="signup" time="5.673"/>
  <testcase classname="com.aadhar.MAadharAppApplicationTestsCode" name="signin" time="3.335"/>
  <testcase classname="com.aadhar.MAadharAppApplicationTestsCode" name="adminhome" time="1.276"/>
  <testcase classname="com.aadhar.MAadharAppApplicationTestsCode" name="userhome" time="1.659"/>
  <testcase classname="com.aadhar.MAadharAppApplicationTestsCode" name="loadusers" time="1.646"/>
  <testcase classname="com.aadhar.MAadharAppApplicationTestsCode" name="approve" time="1.963"/>
</testsuite> <!-- Default test -->
